- Nikto v2.1.6
---------------------------------------------------------------------------
+ Target IP:          10.10.55.232
+ Target Hostname:    10.10.55.232
+ Target Port:        80
+ Start Time:         2021-05-07 12:52:00 (GMT0)
---------------------------------------------------------------------------
+ Server: Apache/2.4.7 (Ubuntu)
+ The anti-clickjacking X-Frame-Options header is not present.
+ The X-XSS-Protection header is not defined. This header can hint to the user agent to protect against some forms of XSS
+ The X-Content-Type-Options header is not set. This could allow the user agent to render the content of the site in a different fashion to the MIME type
+ No CGI Directories found (use '-C all' to force check all possible dirs)
+ Server may leak inodes via ETags, header found with file /, inode: fc, size: 56aba821be9ed, mtime: gzip
+ Apache/2.4.7 appears to be outdated (current is at least Apache/2.4.37). Apache 2.2.34 is the EOL for the 2.x branch.
+ Allowed HTTP Methods: GET, HEAD, POST, OPTIONS 
+ Retrieved x-powered-by header: PHP/5.5.9-1ubuntu4.24
+ /splashAdmin.php: Cobalt Qube 3 admin is running. This may have multiple security problems as described by www.scan-associates.net. These could not be tested remotely.
+ OSVDB-3233: /icons/README: Apache default file found.
+ 7890 requests: 1 error(s) and 9 item(s) reported on remote host
+ End Time:           2021-05-07 13:12:00 (GMT0) (1200 seconds)
---------------------------------------------------------------------------
+ 1 host(s) tested
